# JRE version: OpenJDK Runtime Environment JBR-11.0.8.10-944.34-jcef (11.0.8+10) (build 11.0.8+10-b944.34)
# Java VM: OpenJDK 64-Bit Server VM JBR-11.0.8.10-944.34-jcef (11.0.8+10-b944.34, mixed mode, tiered, compressed oops, g1 gc, windows-amd64)
Heap:
 garbage-first heap   total 262144K, used 159453K [0x00000000e0000000, 0x0000000100000000)
  region size 1024K, 96 young (98304K), 7 survivors (7168K)
 Metaspace       used 70492K, capacity 72369K, committed 72436K, reserved 317440K
  class space    used 9073K, capacity 9751K, committed 9808K, reserved 253952K
GC Heap History (20 events):
Event: 1.892 GC heap before
{Heap before GC invocations=0 (full 0):
 garbage-first heap   total 262144K, used 19456K [0x00000000e0000000, 0x0000000100000000)
  region size 1024K, 14 young (14336K), 0 survivors (0K)
 Metaspace       used 7679K, capacity 7801K, committed 7936K, reserved 262144K
  class space    used 715K, capacity 749K, committed 768K, reserved 253952K
}
Event: 1.985 GC heap after
{Heap after GC invocations=1 (full 0):
 garbage-first heap   total 262144K, used 7973K [0x00000000e0000000, 0x0000000100000000)
  region size 1024K, 2 young (2048K), 2 survivors (2048K)
 Metaspace       used 7679K, capacity 7801K, committed 7936K, reserved 262144K
  class space    used 715K, capacity 749K, committed 768K, reserved 253952K
}
Event: 2.818 GC heap before
{Heap before GC invocations=1 (full 0):
 garbage-first heap   total 262144K, used 20261K [0x00000000e0000000, 0x0000000100000000)
  region size 1024K, 14 young (14336K), 2 survivors (2048K)
 Metaspace       used 10837K, capacity 11072K, committed 11264K, reserved 264192K
  class space    used 1139K, capacity 1201K, committed 1280K, reserved 253952K
}
Event: 2.822 GC heap after
{Heap after GC invocations=2 (full 0):
 garbage-first heap   total 262144K, used 8800K [0x00000000e0000000, 0x0000000100000000)
  region size 1024K, 1 young (1024K), 1 survivors (1024K)
 Metaspace       used 10837K, capacity 11072K, committed 11264K, reserved 264192K
  class space    used 1139K, capacity 1201K, committed 1280K, reserved 253952K
}
Event: 3.506 GC heap before
{Heap before GC invocations=2 (full 0):
 garbage-first heap   total 262144K, used 37472K [0x00000000e0000000, 0x0000000100000000)
  region size 1024K, 30 young (30720K), 1 survivors (1024K)
 Metaspace       used 11065K, capacity 11416K, committed 11520K, reserved 264192K
  class space    used 1159K, capacity 1273K, committed 1280K, reserved 253952K
}
Event: 3.514 GC heap after
{Heap after GC invocations=3 (full 0):
 garbage-first heap   total 262144K, used 13613K [0x00000000e0000000, 0x0000000100000000)
  region size 1024K, 4 young (4096K), 4 survivors (4096K)
 Metaspace       used 11065K, capacity 11416K, committed 11520K, reserved 264192K
  class space    used 1159K, capacity 1273K, committed 1280K, reserved 253952K
}
Event: 5.661 GC heap before
{Heap before GC invocations=3 (full 0):
 garbage-first heap   total 262144K, used 56621K [0x00000000e0000000, 0x0000000100000000)
  region size 1024K, 46 young (47104K), 4 survivors (4096K)
 Metaspace       used 19553K, capacity 19964K, committed 20224K, reserved 272384K
  class space    used 2375K, capacity 2500K, committed 2560K, reserved 253952K
}
Event: 5.671 GC heap after
{Heap after GC invocations=4 (full 0):
 garbage-first heap   total 262144K, used 16309K [0x00000000e0000000, 0x0000000100000000)
  region size 1024K, 3 young (3072K), 3 survivors (3072K)
 Metaspace       used 19553K, capacity 19964K, committed 20224K, reserved 272384K
  class space    used 2375K, capacity 2500K, committed 2560K, reserved 253952K
}
Event: 5.790 GC heap before
{Heap before GC invocations=4 (full 0):
 garbage-first heap   total 262144K, used 21429K [0x00000000e0000000, 0x0000000100000000)
  region size 1024K, 9 young (9216K), 3 survivors (3072K)
 Metaspace       used 20574K, capacity 21135K, committed 21296K, reserved 274432K
  class space    used 2518K, capacity 2682K, committed 2688K, reserved 253952K
}
Event: 5.796 GC heap after
{Heap after GC invocations=5 (full 0):
 garbage-first heap   total 262144K, used 16507K [0x00000000e0000000, 0x0000000100000000)
  region size 1024K, 3 young (3072K), 3 survivors (3072K)
 Metaspace       used 20574K, capacity 21135K, committed 21296K, reserved 274432K
  class space    used 2518K, capacity 2682K, committed 2688K, reserved 253952K
}
Event: 6.814 GC heap before
{Heap before GC invocations=6 (full 0):
 garbage-first heap   total 262144K, used 69755K [0x00000000e0000000, 0x0000000100000000)
  region size 1024K, 56 young (57344K), 3 survivors (3072K)
 Metaspace       used 26647K, capacity 27306K, committed 27648K, reserved 278528K
  class space    used 3491K, capacity 3722K, committed 3840K, reserved 253952K
}
Event: 6.823 GC heap after
{Heap after GC invocations=7 (full 0):
 garbage-first heap   total 262144K, used 18496K [0x00000000e0000000, 0x0000000100000000)
  region size 1024K, 5 young (5120K), 5 survivors (5120K)
 Metaspace       used 26647K, capacity 27306K, committed 27648K, reserved 278528K
  class space    used 3491K, capacity 3722K, committed 3840K, reserved 253952K
}
Event: 8.127 GC heap before
{Heap before GC invocations=7 (full 0):
 garbage-first heap   total 262144K, used 67648K [0x00000000e0000000, 0x0000000100000000)
  region size 1024K, 54 young (55296K), 5 survivors (5120K)
 Metaspace       used 35279K, capacity 35923K, committed 36048K, reserved 286720K
  class space    used 4503K, capacity 4738K, committed 4816K, reserved 253952K
}
Event: 8.140 GC heap after
{Heap after GC invocations=8 (full 0):
 garbage-first heap   total 262144K, used 21259K [0x00000000e0000000, 0x0000000100000000)
  region size 1024K, 8 young (8192K), 8 survivors (8192K)
 Metaspace       used 35279K, capacity 35923K, committed 36048K, reserved 286720K
  class space    used 4503K, capacity 4738K, committed 4816K, reserved 253952K
}
Event: 10.099 GC heap before
{Heap before GC invocations=9 (full 0):
 garbage-first heap   total 262144K, used 109323K [0x00000000e0000000, 0x0000000100000000)
  region size 1024K, 91 young (93184K), 8 survivors (8192K)
 Metaspace       used 45392K, capacity 46274K, committed 46544K, reserved 294912K
  class space    used 5742K, capacity 6052K, committed 6096K, reserved 253952K
}
Event: 10.125 GC heap after
{Heap after GC invocations=10 (full 0):
 garbage-first heap   total 262144K, used 28279K [0x00000000e0000000, 0x0000000100000000)
  region size 1024K, 12 young (12288K), 12 survivors (12288K)
 Metaspace       used 45392K, capacity 46274K, committed 46544K, reserved 294912K
  class space    used 5742K, capacity 6052K, committed 6096K, reserved 253952K
}
Event: 12.895 GC heap before
{Heap before GC invocations=10 (full 0):
 garbage-first heap   total 262144K, used 167543K [0x00000000e0000000, 0x0000000100000000)
  region size 1024K, 136 young (139264K), 12 survivors (12288K)
 Metaspace       used 53218K, capacity 54712K, committed 54864K, reserved 303104K
  class space    used 6896K, capacity 7445K, committed 7504K, reserved 253952K
}
Event: 12.935 GC heap after
{Heap after GC invocations=11 (full 0):
 garbage-first heap   total 262144K, used 51288K [0x00000000e0000000, 0x0000000100000000)
  region size 1024K, 17 young (17408K), 17 survivors (17408K)
 Metaspace       used 53218K, capacity 54712K, committed 54864K, reserved 303104K
  class space    used 6896K, capacity 7445K, committed 7504K, reserved 253952K
}
Event: 14.799 GC heap before
{Heap before GC invocations=11 (full 0):
 garbage-first heap   total 262144K, used 135256K [0x00000000e0000000, 0x0000000100000000)
  region size 1024K, 90 young (92160K), 17 survivors (17408K)
 Metaspace       used 58773K, capacity 60439K, committed 60508K, reserved 307200K
  class space    used 7633K, capacity 8212K, committed 8272K, reserved 253952K
}
Event: 14.846 GC heap after
{Heap after GC invocations=12 (full 0):
 garbage-first heap   total 262144K, used 69341K [0x00000000e0000000, 0x0000000100000000)
  region size 1024K, 7 young (7168K), 7 survivors (7168K)
 Metaspace       used 58773K, capacity 60439K, committed 60508K, reserved 307200K
  class space    used 7633K, capacity 8212K, committed 8272K, reserved 253952K
}

